{"/mnt/c/Users/AKINLO SEMILORE/Desktop/Timetable/index.js":{"path":"/mnt/c/Users/AKINLO SEMILORE/Desktop/Timetable/index.js","statementMap":{"0":{"start":{"line":2,"column":16},"end":{"line":2,"column":34}},"1":{"start":{"line":3,"column":19},"end":{"line":3,"column":41}},"2":{"start":{"line":4,"column":18},"end":{"line":4,"column":40}},"3":{"start":{"line":5,"column":15},"end":{"line":5,"column":41}},"4":{"start":{"line":6,"column":13},"end":{"line":6,"column":28}},"5":{"start":{"line":8,"column":0},"end":{"line":8,"column":27}},"6":{"start":{"line":9,"column":0},"end":{"line":9,"column":12}},"7":{"start":{"line":13,"column":12},"end":{"line":13,"column":21}},"8":{"start":{"line":14,"column":15},"end":{"line":14,"column":48}},"9":{"start":{"line":15,"column":11},"end":{"line":15,"column":39}},"10":{"start":{"line":16,"column":13},"end":{"line":16,"column":37}},"11":{"start":{"line":17,"column":39},"end":{"line":17,"column":69}},"12":{"start":{"line":18,"column":23},"end":{"line":18,"column":53}},"13":{"start":{"line":20,"column":0},"end":{"line":20,"column":15}},"14":{"start":{"line":21,"column":0},"end":{"line":21,"column":51}},"15":{"start":{"line":22,"column":0},"end":{"line":22,"column":27}},"16":{"start":{"line":23,"column":0},"end":{"line":23,"column":16}},"17":{"start":{"line":25,"column":0},"end":{"line":39,"column":2}},"18":{"start":{"line":26,"column":4},"end":{"line":26,"column":33}},"19":{"start":{"line":28,"column":4},"end":{"line":32,"column":6}},"20":{"start":{"line":29,"column":8},"end":{"line":29,"column":27}},"21":{"start":{"line":30,"column":21},"end":{"line":30,"column":49}},"22":{"start":{"line":31,"column":8},"end":{"line":31,"column":55}},"23":{"start":{"line":35,"column":4},"end":{"line":37,"column":6}},"24":{"start":{"line":36,"column":8},"end":{"line":36,"column":39}},"25":{"start":{"line":41,"column":0},"end":{"line":43,"column":2}},"26":{"start":{"line":42,"column":4},"end":{"line":42,"column":49}},"27":{"start":{"line":45,"column":0},"end":{"line":45,"column":23}}},"fnMap":{"0":{"name":"(anonymous_0)","decl":{"start":{"line":25,"column":20},"end":{"line":25,"column":21}},"loc":{"start":{"line":25,"column":32},"end":{"line":39,"column":1}},"line":25},"1":{"name":"(anonymous_1)","decl":{"start":{"line":28,"column":23},"end":{"line":28,"column":24}},"loc":{"start":{"line":28,"column":39},"end":{"line":32,"column":5}},"line":28},"2":{"name":"(anonymous_2)","decl":{"start":{"line":35,"column":25},"end":{"line":35,"column":26}},"loc":{"start":{"line":35,"column":38},"end":{"line":37,"column":5}},"line":35},"3":{"name":"(anonymous_3)","decl":{"start":{"line":41,"column":20},"end":{"line":41,"column":21}},"loc":{"start":{"line":41,"column":26},"end":{"line":43,"column":1}},"line":41}},"branchMap":{"0":{"loc":{"start":{"line":16,"column":13},"end":{"line":16,"column":37}},"type":"binary-expr","locations":[{"start":{"line":16,"column":13},"end":{"line":16,"column":29}},{"start":{"line":16,"column":33},"end":{"line":16,"column":37}}],"line":16}},"s":{"0":1,"1":1,"2":1,"3":1,"4":1,"5":1,"6":1,"7":1,"8":1,"9":1,"10":1,"11":1,"12":1,"13":1,"14":1,"15":1,"16":1,"17":1,"18":0,"19":0,"20":0,"21":0,"22":0,"23":0,"24":0,"25":1,"26":1,"27":1},"f":{"0":0,"1":0,"2":0,"3":1},"b":{"0":[1,1]},"_coverageSchema":"1a1c01bbd47fc00a2c39e90264f33305004495a9","hash":"6a8dc08acffa47e5205fd99bb6f7e5f1949716f2","contentHash":"ec59fadcb9d8857827637daf65a73705645154e6a8f555da9b05164cbe4012c0"},"/mnt/c/Users/AKINLO SEMILORE/Desktop/Timetable/config/db.js":{"path":"/mnt/c/Users/AKINLO SEMILORE/Desktop/Timetable/config/db.js","statementMap":{"0":{"start":{"line":1,"column":21},"end":{"line":1,"column":40}},"1":{"start":{"line":2,"column":17},"end":{"line":2,"column":36}},"2":{"start":{"line":3,"column":12},"end":{"line":3,"column":103}},"3":{"start":{"line":5,"column":16},"end":{"line":10,"column":1}},"4":{"start":{"line":12,"column":18},"end":{"line":29,"column":1}},"5":{"start":{"line":14,"column":4},"end":{"line":27,"column":5}},"6":{"start":{"line":15,"column":26},"end":{"line":15,"column":56}},"7":{"start":{"line":16,"column":26},"end":{"line":16,"column":49}},"8":{"start":{"line":18,"column":8},"end":{"line":22,"column":11}},"9":{"start":{"line":20,"column":12},"end":{"line":20,"column":43}},"10":{"start":{"line":21,"column":12},"end":{"line":21,"column":43}},"11":{"start":{"line":25,"column":8},"end":{"line":25,"column":45}},"12":{"start":{"line":26,"column":8},"end":{"line":26,"column":39}},"13":{"start":{"line":32,"column":0},"end":{"line":32,"column":27}}},"fnMap":{"0":{"name":"(anonymous_0)","decl":{"start":{"line":12,"column":18},"end":{"line":12,"column":19}},"loc":{"start":{"line":12,"column":30},"end":{"line":29,"column":1}},"line":12},"1":{"name":"(anonymous_1)","decl":{"start":{"line":19,"column":14},"end":{"line":19,"column":15}},"loc":{"start":{"line":19,"column":20},"end":{"line":22,"column":10}},"line":19}},"branchMap":{"0":{"loc":{"start":{"line":14,"column":4},"end":{"line":27,"column":5}},"type":"if","locations":[{"start":{"line":14,"column":4},"end":{"line":27,"column":5}},{"start":{"line":14,"column":4},"end":{"line":27,"column":5}}],"line":14}},"s":{"0":1,"1":1,"2":1,"3":1,"4":1,"5":1,"6":1,"7":1,"8":1,"9":0,"10":0,"11":0,"12":0,"13":1},"f":{"0":1,"1":0},"b":{"0":[1,0]},"_coverageSchema":"1a1c01bbd47fc00a2c39e90264f33305004495a9","hash":"ed87064f9d6b53be2157b8893525f27bca849ab1","contentHash":"a1eecca41832a0faa39576c2989261e15ccf767efb1a78da87032d50557b584f"},"/mnt/c/Users/AKINLO SEMILORE/Desktop/Timetable/routes/routes.js":{"path":"/mnt/c/Users/AKINLO SEMILORE/Desktop/Timetable/routes/routes.js","statementMap":{"0":{"start":{"line":1,"column":16},"end":{"line":1,"column":34}},"1":{"start":{"line":2,"column":15},"end":{"line":2,"column":31}},"2":{"start":{"line":3,"column":23},"end":{"line":3,"column":63}},"3":{"start":{"line":4,"column":27},"end":{"line":4,"column":71}},"4":{"start":{"line":5,"column":25},"end":{"line":5,"column":67}},"5":{"start":{"line":6,"column":25},"end":{"line":6,"column":67}},"6":{"start":{"line":7,"column":23},"end":{"line":7,"column":52}},"7":{"start":{"line":8,"column":24},"end":{"line":8,"column":65}},"8":{"start":{"line":9,"column":29},"end":{"line":9,"column":75}},"9":{"start":{"line":10,"column":13},"end":{"line":10,"column":42}},"10":{"start":{"line":11,"column":17},"end":{"line":11,"column":46}},"11":{"start":{"line":12,"column":19},"end":{"line":12,"column":50}},"12":{"start":{"line":16,"column":0},"end":{"line":18,"column":2}},"13":{"start":{"line":17,"column":4},"end":{"line":17,"column":37}},"14":{"start":{"line":21,"column":0},"end":{"line":21,"column":54}},"15":{"start":{"line":22,"column":0},"end":{"line":22,"column":54}},"16":{"start":{"line":23,"column":0},"end":{"line":23,"column":59}},"17":{"start":{"line":24,"column":0},"end":{"line":24,"column":63}},"18":{"start":{"line":26,"column":0},"end":{"line":26,"column":66}},"19":{"start":{"line":27,"column":0},"end":{"line":27,"column":68}},"20":{"start":{"line":28,"column":0},"end":{"line":28,"column":74}},"21":{"start":{"line":29,"column":0},"end":{"line":29,"column":75}},"22":{"start":{"line":30,"column":0},"end":{"line":30,"column":85}},"23":{"start":{"line":33,"column":0},"end":{"line":33,"column":60}},"24":{"start":{"line":34,"column":0},"end":{"line":34,"column":63}},"25":{"start":{"line":35,"column":0},"end":{"line":35,"column":68}},"26":{"start":{"line":36,"column":0},"end":{"line":36,"column":69}},"27":{"start":{"line":38,"column":0},"end":{"line":38,"column":60}},"28":{"start":{"line":39,"column":0},"end":{"line":39,"column":63}},"29":{"start":{"line":40,"column":0},"end":{"line":40,"column":68}},"30":{"start":{"line":41,"column":0},"end":{"line":41,"column":69}},"31":{"start":{"line":44,"column":0},"end":{"line":44,"column":64}},"32":{"start":{"line":45,"column":0},"end":{"line":45,"column":57}},"33":{"start":{"line":46,"column":0},"end":{"line":46,"column":65}},"34":{"start":{"line":47,"column":0},"end":{"line":47,"column":66}},"35":{"start":{"line":49,"column":0},"end":{"line":49,"column":62}},"36":{"start":{"line":52,"column":0},"end":{"line":52,"column":59}},"37":{"start":{"line":53,"column":0},"end":{"line":53,"column":46}},"38":{"start":{"line":54,"column":0},"end":{"line":54,"column":44}},"39":{"start":{"line":55,"column":0},"end":{"line":55,"column":44}},"40":{"start":{"line":56,"column":0},"end":{"line":56,"column":56}},"41":{"start":{"line":57,"column":0},"end":{"line":57,"column":69}},"42":{"start":{"line":58,"column":0},"end":{"line":58,"column":89}},"43":{"start":{"line":59,"column":0},"end":{"line":59,"column":62}},"44":{"start":{"line":60,"column":0},"end":{"line":60,"column":50}},"45":{"start":{"line":61,"column":0},"end":{"line":61,"column":74}},"46":{"start":{"line":62,"column":0},"end":{"line":62,"column":64}},"47":{"start":{"line":63,"column":0},"end":{"line":63,"column":62}},"48":{"start":{"line":64,"column":0},"end":{"line":64,"column":70}},"49":{"start":{"line":65,"column":0},"end":{"line":65,"column":70}},"50":{"start":{"line":66,"column":0},"end":{"line":66,"column":71}},"51":{"start":{"line":67,"column":0},"end":{"line":67,"column":74}},"52":{"start":{"line":68,"column":0},"end":{"line":68,"column":79}},"53":{"start":{"line":69,"column":0},"end":{"line":69,"column":80}},"54":{"start":{"line":70,"column":0},"end":{"line":70,"column":58}},"55":{"start":{"line":73,"column":0},"end":{"line":73,"column":23}}},"fnMap":{"0":{"name":"(anonymous_0)","decl":{"start":{"line":16,"column":16},"end":{"line":16,"column":17}},"loc":{"start":{"line":16,"column":30},"end":{"line":18,"column":1}},"line":16}},"branchMap":{},"s":{"0":1,"1":1,"2":1,"3":1,"4":1,"5":1,"6":1,"7":1,"8":1,"9":1,"10":1,"11":1,"12":1,"13":0,"14":1,"15":1,"16":1,"17":1,"18":1,"19":1,"20":1,"21":1,"22":1,"23":1,"24":1,"25":1,"26":1,"27":1,"28":1,"29":1,"30":1,"31":1,"32":1,"33":1,"34":1,"35":1,"36":1,"37":1,"38":1,"39":1,"40":1,"41":1,"42":1,"43":1,"44":1,"45":1,"46":1,"47":1,"48":1,"49":1,"50":1,"51":1,"52":1,"53":1,"54":1,"55":1},"f":{"0":0},"b":{},"_coverageSchema":"1a1c01bbd47fc00a2c39e90264f33305004495a9","hash":"25a3b97c960ff80b2c45906e6c68ef5f1e568854","contentHash":"8dd15f2d2766ac3f20c8e6cb523ef9037838d04103260d98e9c1aa208ebf6ab3"},"/mnt/c/Users/AKINLO SEMILORE/Desktop/Timetable/controller/Room_controller.js":{"path":"/mnt/c/Users/AKINLO SEMILORE/Desktop/Timetable/controller/Room_controller.js","statementMap":{"0":{"start":{"line":1,"column":16},"end":{"line":1,"column":34}},"1":{"start":{"line":2,"column":17},"end":{"line":2,"column":36}},"2":{"start":{"line":3,"column":17},"end":{"line":3,"column":42}},"3":{"start":{"line":6,"column":19},"end":{"line":32,"column":1}},"4":{"start":{"line":7,"column":29},"end":{"line":7,"column":37}},"5":{"start":{"line":9,"column":2},"end":{"line":31,"column":3}},"6":{"start":{"line":10,"column":25},"end":{"line":10,"column":75}},"7":{"start":{"line":11,"column":4},"end":{"line":15,"column":5}},"8":{"start":{"line":12,"column":8},"end":{"line":14,"column":11}},"9":{"start":{"line":17,"column":17},"end":{"line":20,"column":6}},"10":{"start":{"line":21,"column":4},"end":{"line":21,"column":21}},"11":{"start":{"line":22,"column":4},"end":{"line":25,"column":7}},"12":{"start":{"line":27,"column":4},"end":{"line":30,"column":7}},"13":{"start":{"line":35,"column":20},"end":{"line":46,"column":1}},"14":{"start":{"line":36,"column":16},"end":{"line":36,"column":35}},"15":{"start":{"line":37,"column":2},"end":{"line":45,"column":3}},"16":{"start":{"line":38,"column":4},"end":{"line":40,"column":23}},"17":{"start":{"line":42,"column":4},"end":{"line":44,"column":7}},"18":{"start":{"line":50,"column":19},"end":{"line":63,"column":1}},"19":{"start":{"line":51,"column":23},"end":{"line":51,"column":99}},"20":{"start":{"line":52,"column":4},"end":{"line":61,"column":5}},"21":{"start":{"line":53,"column":8},"end":{"line":55,"column":11}},"22":{"start":{"line":57,"column":8},"end":{"line":60,"column":11}},"23":{"start":{"line":66,"column":19},"end":{"line":80,"column":1}},"24":{"start":{"line":68,"column":19},"end":{"line":68,"column":30}},"25":{"start":{"line":69,"column":4},"end":{"line":79,"column":5}},"26":{"start":{"line":70,"column":21},"end":{"line":70,"column":73}},"27":{"start":{"line":71,"column":8},"end":{"line":74,"column":9}},"28":{"start":{"line":72,"column":12},"end":{"line":72,"column":75}},"29":{"start":{"line":73,"column":12},"end":{"line":73,"column":19}},"30":{"start":{"line":75,"column":8},"end":{"line":75,"column":36}},"31":{"start":{"line":77,"column":8},"end":{"line":77,"column":27}},"32":{"start":{"line":78,"column":8},"end":{"line":78,"column":35}},"33":{"start":{"line":82,"column":0},"end":{"line":82,"column":69}}},"fnMap":{"0":{"name":"(anonymous_0)","decl":{"start":{"line":6,"column":19},"end":{"line":6,"column":20}},"loc":{"start":{"line":6,"column":39},"end":{"line":32,"column":1}},"line":6},"1":{"name":"(anonymous_1)","decl":{"start":{"line":35,"column":20},"end":{"line":35,"column":21}},"loc":{"start":{"line":35,"column":40},"end":{"line":46,"column":1}},"line":35},"2":{"name":"(anonymous_2)","decl":{"start":{"line":50,"column":19},"end":{"line":50,"column":20}},"loc":{"start":{"line":50,"column":39},"end":{"line":63,"column":1}},"line":50},"3":{"name":"(anonymous_3)","decl":{"start":{"line":66,"column":19},"end":{"line":66,"column":20}},"loc":{"start":{"line":66,"column":39},"end":{"line":80,"column":1}},"line":66}},"branchMap":{"0":{"loc":{"start":{"line":11,"column":4},"end":{"line":15,"column":5}},"type":"if","locations":[{"start":{"line":11,"column":4},"end":{"line":15,"column":5}},{"start":{"line":11,"column":4},"end":{"line":15,"column":5}}],"line":11},"1":{"loc":{"start":{"line":37,"column":2},"end":{"line":45,"column":3}},"type":"if","locations":[{"start":{"line":37,"column":2},"end":{"line":45,"column":3}},{"start":{"line":37,"column":2},"end":{"line":45,"column":3}}],"line":37},"2":{"loc":{"start":{"line":52,"column":4},"end":{"line":61,"column":5}},"type":"if","locations":[{"start":{"line":52,"column":4},"end":{"line":61,"column":5}},{"start":{"line":52,"column":4},"end":{"line":61,"column":5}}],"line":52},"3":{"loc":{"start":{"line":71,"column":8},"end":{"line":74,"column":9}},"type":"if","locations":[{"start":{"line":71,"column":8},"end":{"line":74,"column":9}},{"start":{"line":71,"column":8},"end":{"line":74,"column":9}}],"line":71}},"s":{"0":1,"1":1,"2":1,"3":1,"4":1,"5":1,"6":1,"7":0,"8":0,"9":0,"10":0,"11":0,"12":0,"13":1,"14":1,"15":0,"16":0,"17":0,"18":1,"19":1,"20":0,"21":0,"22":0,"23":1,"24":1,"25":1,"26":1,"27":0,"28":0,"29":0,"30":0,"31":0,"32":0,"33":1},"f":{"0":1,"1":1,"2":1,"3":1},"b":{"0":[0,0],"1":[0,0],"2":[0,0],"3":[0,0]},"_coverageSchema":"1a1c01bbd47fc00a2c39e90264f33305004495a9","hash":"e75c149b90fa2700ac257a4c65e04a721f3e79f3","contentHash":"a391ecc7be809ebd1dd6c3773a393c6711fc706f0ea82e53fbdc0c94707a51f9"},"/mnt/c/Users/AKINLO SEMILORE/Desktop/Timetable/models/room.js":{"path":"/mnt/c/Users/AKINLO SEMILORE/Desktop/Timetable/models/room.js","statementMap":{"0":{"start":{"line":1,"column":17},"end":{"line":1,"column":36}},"1":{"start":{"line":2,"column":15},"end":{"line":2,"column":30}},"2":{"start":{"line":4,"column":19},"end":{"line":15,"column":1}},"3":{"start":{"line":17,"column":13},"end":{"line":17,"column":47}},"4":{"start":{"line":19,"column":0},"end":{"line":19,"column":26}}},"fnMap":{},"branchMap":{},"s":{"0":1,"1":1,"2":1,"3":1,"4":1},"f":{},"b":{},"_coverageSchema":"1a1c01bbd47fc00a2c39e90264f33305004495a9","hash":"209a29e482462b62d59ead480dd5abbed3c3a5fa","contentHash":"8a1c916b9f6d529a991596c9bde0fa563f1a5d2c830c4ec71e2acb8fc8c23091"},"/mnt/c/Users/AKINLO SEMILORE/Desktop/Timetable/controller/lecturer_controller.js":{"path":"/mnt/c/Users/AKINLO SEMILORE/Desktop/Timetable/controller/lecturer_controller.js","statementMap":{"0":{"start":{"line":1,"column":16},"end":{"line":1,"column":34}},"1":{"start":{"line":2,"column":17},"end":{"line":2,"column":36}},"2":{"start":{"line":3,"column":17},"end":{"line":3,"column":46}},"3":{"start":{"line":6,"column":23},"end":{"line":44,"column":1}},"4":{"start":{"line":18,"column":8},"end":{"line":18,"column":16}},"5":{"start":{"line":20,"column":21},"end":{"line":30,"column":10}},"6":{"start":{"line":32,"column":8},"end":{"line":37,"column":9}},"7":{"start":{"line":33,"column":12},"end":{"line":36,"column":15}},"8":{"start":{"line":38,"column":8},"end":{"line":42,"column":11}},"9":{"start":{"line":46,"column":23},"end":{"line":65,"column":1}},"10":{"start":{"line":47,"column":4},"end":{"line":64,"column":5}},"11":{"start":{"line":48,"column":21},"end":{"line":48,"column":44}},"12":{"start":{"line":49,"column":8},"end":{"line":60,"column":9}},"13":{"start":{"line":50,"column":12},"end":{"line":53,"column":15}},"14":{"start":{"line":54,"column":12},"end":{"line":54,"column":18}},"15":{"start":{"line":56,"column":12},"end":{"line":59,"column":15}},"16":{"start":{"line":62,"column":8},"end":{"line":62,"column":27}},"17":{"start":{"line":63,"column":8},"end":{"line":63,"column":36}},"18":{"start":{"line":67,"column":24},"end":{"line":88,"column":1}},"19":{"start":{"line":68,"column":19},"end":{"line":68,"column":27}},"20":{"start":{"line":70,"column":4},"end":{"line":87,"column":5}},"21":{"start":{"line":71,"column":21},"end":{"line":71,"column":62}},"22":{"start":{"line":72,"column":8},"end":{"line":83,"column":9}},"23":{"start":{"line":73,"column":12},"end":{"line":76,"column":15}},"24":{"start":{"line":77,"column":12},"end":{"line":77,"column":18}},"25":{"start":{"line":79,"column":12},"end":{"line":82,"column":15}},"26":{"start":{"line":85,"column":8},"end":{"line":85,"column":27}},"27":{"start":{"line":86,"column":8},"end":{"line":86,"column":36}},"28":{"start":{"line":90,"column":23},"end":{"line":104,"column":1}},"29":{"start":{"line":91,"column":20},"end":{"line":91,"column":31}},"30":{"start":{"line":92,"column":28},"end":{"line":92,"column":110}},"31":{"start":{"line":93,"column":4},"end":{"line":102,"column":5}},"32":{"start":{"line":94,"column":8},"end":{"line":96,"column":11}},"33":{"start":{"line":98,"column":8},"end":{"line":101,"column":11}},"34":{"start":{"line":106,"column":20},"end":{"line":121,"column":1}},"35":{"start":{"line":107,"column":4},"end":{"line":107,"column":25}},"36":{"start":{"line":108,"column":18},"end":{"line":108,"column":20}},"37":{"start":{"line":109,"column":33},"end":{"line":109,"column":116}},"38":{"start":{"line":110,"column":4},"end":{"line":119,"column":5}},"39":{"start":{"line":111,"column":8},"end":{"line":113,"column":11}},"40":{"start":{"line":115,"column":8},"end":{"line":118,"column":11}},"41":{"start":{"line":124,"column":37},"end":{"line":159,"column":1}},"42":{"start":{"line":125,"column":20},"end":{"line":125,"column":31}},"43":{"start":{"line":126,"column":41},"end":{"line":126,"column":49}},"44":{"start":{"line":128,"column":4},"end":{"line":158,"column":5}},"45":{"start":{"line":129,"column":23},"end":{"line":129,"column":78}},"46":{"start":{"line":130,"column":6},"end":{"line":134,"column":7}},"47":{"start":{"line":131,"column":8},"end":{"line":133,"column":11}},"48":{"start":{"line":136,"column":6},"end":{"line":143,"column":9}},"49":{"start":{"line":137,"column":8},"end":{"line":141,"column":9}},"50":{"start":{"line":138,"column":10},"end":{"line":140,"column":74}},"51":{"start":{"line":145,"column":6},"end":{"line":145,"column":37}},"52":{"start":{"line":146,"column":6},"end":{"line":146,"column":28}},"53":{"start":{"line":148,"column":6},"end":{"line":151,"column":9}},"54":{"start":{"line":154,"column":6},"end":{"line":157,"column":9}},"55":{"start":{"line":162,"column":23},"end":{"line":176,"column":1}},"56":{"start":{"line":164,"column":19},"end":{"line":164,"column":27}},"57":{"start":{"line":165,"column":4},"end":{"line":175,"column":5}},"58":{"start":{"line":166,"column":21},"end":{"line":166,"column":69}},"59":{"start":{"line":167,"column":8},"end":{"line":170,"column":9}},"60":{"start":{"line":168,"column":12},"end":{"line":168,"column":75}},"61":{"start":{"line":169,"column":12},"end":{"line":169,"column":19}},"62":{"start":{"line":171,"column":8},"end":{"line":171,"column":36}},"63":{"start":{"line":173,"column":8},"end":{"line":173,"column":27}},"64":{"start":{"line":174,"column":8},"end":{"line":174,"column":35}},"65":{"start":{"line":177,"column":0},"end":{"line":177,"column":113}}},"fnMap":{"0":{"name":"(anonymous_0)","decl":{"start":{"line":6,"column":23},"end":{"line":6,"column":24}},"loc":{"start":{"line":6,"column":43},"end":{"line":44,"column":1}},"line":6},"1":{"name":"(anonymous_1)","decl":{"start":{"line":46,"column":23},"end":{"line":46,"column":24}},"loc":{"start":{"line":46,"column":43},"end":{"line":65,"column":1}},"line":46},"2":{"name":"(anonymous_2)","decl":{"start":{"line":67,"column":24},"end":{"line":67,"column":25}},"loc":{"start":{"line":67,"column":44},"end":{"line":88,"column":1}},"line":67},"3":{"name":"(anonymous_3)","decl":{"start":{"line":90,"column":23},"end":{"line":90,"column":24}},"loc":{"start":{"line":90,"column":43},"end":{"line":104,"column":1}},"line":90},"4":{"name":"(anonymous_4)","decl":{"start":{"line":106,"column":20},"end":{"line":106,"column":21}},"loc":{"start":{"line":106,"column":40},"end":{"line":121,"column":1}},"line":106},"5":{"name":"(anonymous_5)","decl":{"start":{"line":124,"column":37},"end":{"line":124,"column":38}},"loc":{"start":{"line":124,"column":57},"end":{"line":159,"column":1}},"line":124},"6":{"name":"(anonymous_6)","decl":{"start":{"line":136,"column":53},"end":{"line":136,"column":54}},"loc":{"start":{"line":136,"column":69},"end":{"line":143,"column":7}},"line":136},"7":{"name":"(anonymous_7)","decl":{"start":{"line":162,"column":23},"end":{"line":162,"column":24}},"loc":{"start":{"line":162,"column":43},"end":{"line":176,"column":1}},"line":162}},"branchMap":{"0":{"loc":{"start":{"line":32,"column":8},"end":{"line":37,"column":9}},"type":"if","locations":[{"start":{"line":32,"column":8},"end":{"line":37,"column":9}},{"start":{"line":32,"column":8},"end":{"line":37,"column":9}}],"line":32},"1":{"loc":{"start":{"line":49,"column":8},"end":{"line":60,"column":9}},"type":"if","locations":[{"start":{"line":49,"column":8},"end":{"line":60,"column":9}},{"start":{"line":49,"column":8},"end":{"line":60,"column":9}}],"line":49},"2":{"loc":{"start":{"line":72,"column":8},"end":{"line":83,"column":9}},"type":"if","locations":[{"start":{"line":72,"column":8},"end":{"line":83,"column":9}},{"start":{"line":72,"column":8},"end":{"line":83,"column":9}}],"line":72},"3":{"loc":{"start":{"line":93,"column":4},"end":{"line":102,"column":5}},"type":"if","locations":[{"start":{"line":93,"column":4},"end":{"line":102,"column":5}},{"start":{"line":93,"column":4},"end":{"line":102,"column":5}}],"line":93},"4":{"loc":{"start":{"line":110,"column":4},"end":{"line":119,"column":5}},"type":"if","locations":[{"start":{"line":110,"column":4},"end":{"line":119,"column":5}},{"start":{"line":110,"column":4},"end":{"line":119,"column":5}}],"line":110},"5":{"loc":{"start":{"line":130,"column":6},"end":{"line":134,"column":7}},"type":"if","locations":[{"start":{"line":130,"column":6},"end":{"line":134,"column":7}},{"start":{"line":130,"column":6},"end":{"line":134,"column":7}}],"line":130},"6":{"loc":{"start":{"line":137,"column":8},"end":{"line":141,"column":9}},"type":"if","locations":[{"start":{"line":137,"column":8},"end":{"line":141,"column":9}},{"start":{"line":137,"column":8},"end":{"line":141,"column":9}}],"line":137},"7":{"loc":{"start":{"line":167,"column":8},"end":{"line":170,"column":9}},"type":"if","locations":[{"start":{"line":167,"column":8},"end":{"line":170,"column":9}},{"start":{"line":167,"column":8},"end":{"line":170,"column":9}}],"line":167}},"s":{"0":1,"1":1,"2":1,"3":1,"4":0,"5":0,"6":0,"7":0,"8":0,"9":1,"10":0,"11":0,"12":0,"13":0,"14":0,"15":0,"16":0,"17":0,"18":1,"19":0,"20":0,"21":0,"22":0,"23":0,"24":0,"25":0,"26":0,"27":0,"28":1,"29":0,"30":0,"31":0,"32":0,"33":0,"34":1,"35":0,"36":0,"37":0,"38":0,"39":0,"40":0,"41":1,"42":0,"43":0,"44":0,"45":0,"46":0,"47":0,"48":0,"49":0,"50":0,"51":0,"52":0,"53":0,"54":0,"55":1,"56":0,"57":0,"58":0,"59":0,"60":0,"61":0,"62":0,"63":0,"64":0,"65":1},"f":{"0":0,"1":0,"2":0,"3":0,"4":0,"5":0,"6":0,"7":0},"b":{"0":[0,0],"1":[0,0],"2":[0,0],"3":[0,0],"4":[0,0],"5":[0,0],"6":[0,0],"7":[0,0]},"_coverageSchema":"1a1c01bbd47fc00a2c39e90264f33305004495a9","hash":"f1cd314b80ecb3ad13ff66b829494c2438079cc8","contentHash":"ae774a9c9d232cbe581b09d68ff182e9bc1fc4010c718bc26833c4850093eb7b"},"/mnt/c/Users/AKINLO SEMILORE/Desktop/Timetable/models/lecturer.js":{"path":"/mnt/c/Users/AKINLO SEMILORE/Desktop/Timetable/models/lecturer.js","statementMap":{"0":{"start":{"line":1,"column":17},"end":{"line":1,"column":36}},"1":{"start":{"line":2,"column":15},"end":{"line":2,"column":30}},"2":{"start":{"line":4,"column":23},"end":{"line":42,"column":2}},"3":{"start":{"line":44,"column":17},"end":{"line":44,"column":59}},"4":{"start":{"line":46,"column":0},"end":{"line":46,"column":25}}},"fnMap":{},"branchMap":{},"s":{"0":1,"1":1,"2":1,"3":1,"4":1},"f":{},"b":{},"_coverageSchema":"1a1c01bbd47fc00a2c39e90264f33305004495a9","hash":"2ac5e34afe8e2ccb18a317599f35ea20c8f67465","contentHash":"3523c76dbea1cf849e8f48fa53532bdd1c99f737abf5e63c94348ebd8ca8e166"},"/mnt/c/Users/AKINLO SEMILORE/Desktop/Timetable/controller/course_controller.js":{"path":"/mnt/c/Users/AKINLO SEMILORE/Desktop/Timetable/controller/course_controller.js","statementMap":{"0":{"start":{"line":1,"column":16},"end":{"line":1,"column":34}},"1":{"start":{"line":2,"column":17},"end":{"line":2,"column":36}},"2":{"start":{"line":3,"column":22},"end":{"line":3,"column":47}},"3":{"start":{"line":4,"column":15},"end":{"line":4,"column":42}},"4":{"start":{"line":7,"column":21},"end":{"line":46,"column":1}},"5":{"start":{"line":8,"column":79},"end":{"line":8,"column":87}},"6":{"start":{"line":10,"column":2},"end":{"line":45,"column":3}},"7":{"start":{"line":11,"column":27},"end":{"line":11,"column":79}},"8":{"start":{"line":12,"column":4},"end":{"line":16,"column":5}},"9":{"start":{"line":13,"column":8},"end":{"line":15,"column":11}},"10":{"start":{"line":18,"column":22},"end":{"line":18,"column":45}},"11":{"start":{"line":20,"column":19},"end":{"line":31,"column":6}},"12":{"start":{"line":32,"column":4},"end":{"line":32,"column":23}},"13":{"start":{"line":34,"column":17},"end":{"line":34,"column":82}},"14":{"start":{"line":36,"column":4},"end":{"line":39,"column":7}},"15":{"start":{"line":41,"column":4},"end":{"line":44,"column":7}},"16":{"start":{"line":49,"column":22},"end":{"line":61,"column":1}},"17":{"start":{"line":50,"column":18},"end":{"line":50,"column":78}},"18":{"start":{"line":51,"column":2},"end":{"line":60,"column":3}},"19":{"start":{"line":52,"column":4},"end":{"line":55,"column":8}},"20":{"start":{"line":57,"column":4},"end":{"line":59,"column":7}},"21":{"start":{"line":64,"column":22},"end":{"line":77,"column":1}},"22":{"start":{"line":65,"column":17},"end":{"line":65,"column":25}},"23":{"start":{"line":66,"column":17},"end":{"line":66,"column":96}},"24":{"start":{"line":67,"column":2},"end":{"line":76,"column":3}},"25":{"start":{"line":68,"column":4},"end":{"line":71,"column":7}},"26":{"start":{"line":73,"column":4},"end":{"line":75,"column":6}},"27":{"start":{"line":80,"column":25},"end":{"line":94,"column":1}},"28":{"start":{"line":81,"column":20},"end":{"line":81,"column":31}},"29":{"start":{"line":82,"column":18},"end":{"line":82,"column":103}},"30":{"start":{"line":83,"column":2},"end":{"line":93,"column":3}},"31":{"start":{"line":84,"column":4},"end":{"line":88,"column":7}},"32":{"start":{"line":90,"column":4},"end":{"line":92,"column":6}},"33":{"start":{"line":97,"column":21},"end":{"line":111,"column":1}},"34":{"start":{"line":98,"column":20},"end":{"line":98,"column":31}},"35":{"start":{"line":99,"column":26},"end":{"line":99,"column":106}},"36":{"start":{"line":100,"column":4},"end":{"line":109,"column":5}},"37":{"start":{"line":101,"column":8},"end":{"line":103,"column":11}},"38":{"start":{"line":105,"column":8},"end":{"line":108,"column":11}},"39":{"start":{"line":114,"column":15},"end":{"line":135,"column":1}},"40":{"start":{"line":115,"column":16},"end":{"line":115,"column":25}},"41":{"start":{"line":117,"column":2},"end":{"line":134,"column":3}},"42":{"start":{"line":118,"column":19},"end":{"line":118,"column":111}},"43":{"start":{"line":119,"column":4},"end":{"line":128,"column":5}},"44":{"start":{"line":120,"column":6},"end":{"line":123,"column":29}},"45":{"start":{"line":125,"column":6},"end":{"line":127,"column":8}},"46":{"start":{"line":130,"column":4},"end":{"line":133,"column":7}},"47":{"start":{"line":138,"column":21},"end":{"line":152,"column":1}},"48":{"start":{"line":140,"column":20},"end":{"line":140,"column":31}},"49":{"start":{"line":141,"column":4},"end":{"line":151,"column":5}},"50":{"start":{"line":142,"column":21},"end":{"line":142,"column":75}},"51":{"start":{"line":143,"column":8},"end":{"line":146,"column":9}},"52":{"start":{"line":144,"column":12},"end":{"line":144,"column":75}},"53":{"start":{"line":145,"column":12},"end":{"line":145,"column":19}},"54":{"start":{"line":147,"column":8},"end":{"line":147,"column":36}},"55":{"start":{"line":149,"column":8},"end":{"line":149,"column":27}},"56":{"start":{"line":150,"column":8},"end":{"line":150,"column":35}},"57":{"start":{"line":153,"column":0},"end":{"line":153,"column":119}}},"fnMap":{"0":{"name":"(anonymous_0)","decl":{"start":{"line":7,"column":21},"end":{"line":7,"column":22}},"loc":{"start":{"line":7,"column":41},"end":{"line":46,"column":1}},"line":7},"1":{"name":"(anonymous_1)","decl":{"start":{"line":49,"column":22},"end":{"line":49,"column":23}},"loc":{"start":{"line":49,"column":42},"end":{"line":61,"column":1}},"line":49},"2":{"name":"(anonymous_2)","decl":{"start":{"line":64,"column":22},"end":{"line":64,"column":23}},"loc":{"start":{"line":64,"column":42},"end":{"line":77,"column":1}},"line":64},"3":{"name":"(anonymous_3)","decl":{"start":{"line":80,"column":25},"end":{"line":80,"column":26}},"loc":{"start":{"line":80,"column":44},"end":{"line":94,"column":1}},"line":80},"4":{"name":"(anonymous_4)","decl":{"start":{"line":97,"column":21},"end":{"line":97,"column":22}},"loc":{"start":{"line":97,"column":41},"end":{"line":111,"column":1}},"line":97},"5":{"name":"(anonymous_5)","decl":{"start":{"line":114,"column":15},"end":{"line":114,"column":16}},"loc":{"start":{"line":114,"column":34},"end":{"line":135,"column":1}},"line":114},"6":{"name":"(anonymous_6)","decl":{"start":{"line":138,"column":21},"end":{"line":138,"column":22}},"loc":{"start":{"line":138,"column":41},"end":{"line":152,"column":1}},"line":138}},"branchMap":{"0":{"loc":{"start":{"line":12,"column":4},"end":{"line":16,"column":5}},"type":"if","locations":[{"start":{"line":12,"column":4},"end":{"line":16,"column":5}},{"start":{"line":12,"column":4},"end":{"line":16,"column":5}}],"line":12},"1":{"loc":{"start":{"line":51,"column":2},"end":{"line":60,"column":3}},"type":"if","locations":[{"start":{"line":51,"column":2},"end":{"line":60,"column":3}},{"start":{"line":51,"column":2},"end":{"line":60,"column":3}}],"line":51},"2":{"loc":{"start":{"line":67,"column":2},"end":{"line":76,"column":3}},"type":"if","locations":[{"start":{"line":67,"column":2},"end":{"line":76,"column":3}},{"start":{"line":67,"column":2},"end":{"line":76,"column":3}}],"line":67},"3":{"loc":{"start":{"line":83,"column":2},"end":{"line":93,"column":3}},"type":"if","locations":[{"start":{"line":83,"column":2},"end":{"line":93,"column":3}},{"start":{"line":83,"column":2},"end":{"line":93,"column":3}}],"line":83},"4":{"loc":{"start":{"line":100,"column":4},"end":{"line":109,"column":5}},"type":"if","locations":[{"start":{"line":100,"column":4},"end":{"line":109,"column":5}},{"start":{"line":100,"column":4},"end":{"line":109,"column":5}}],"line":100},"5":{"loc":{"start":{"line":119,"column":4},"end":{"line":128,"column":5}},"type":"if","locations":[{"start":{"line":119,"column":4},"end":{"line":128,"column":5}},{"start":{"line":119,"column":4},"end":{"line":128,"column":5}}],"line":119},"6":{"loc":{"start":{"line":143,"column":8},"end":{"line":146,"column":9}},"type":"if","locations":[{"start":{"line":143,"column":8},"end":{"line":146,"column":9}},{"start":{"line":143,"column":8},"end":{"line":146,"column":9}}],"line":143}},"s":{"0":1,"1":1,"2":1,"3":1,"4":1,"5":1,"6":1,"7":1,"8":0,"9":0,"10":0,"11":0,"12":0,"13":0,"14":0,"15":0,"16":1,"17":1,"18":0,"19":0,"20":0,"21":1,"22":0,"23":0,"24":0,"25":0,"26":0,"27":1,"28":0,"29":0,"30":0,"31":0,"32":0,"33":1,"34":1,"35":1,"36":0,"37":0,"38":0,"39":1,"40":0,"41":0,"42":0,"43":0,"44":0,"45":0,"46":0,"47":1,"48":1,"49":1,"50":1,"51":0,"52":0,"53":0,"54":0,"55":0,"56":0,"57":1},"f":{"0":1,"1":1,"2":0,"3":0,"4":1,"5":0,"6":1},"b":{"0":[0,0],"1":[0,0],"2":[0,0],"3":[0,0],"4":[0,0],"5":[0,0],"6":[0,0]},"_coverageSchema":"1a1c01bbd47fc00a2c39e90264f33305004495a9","hash":"535f0fd6c11311496b8369fe0a7558070a404846","contentHash":"2d27dd63b5d9024c42d17a136d95debe0af113fe0099379f64d6621725881779"},"/mnt/c/Users/AKINLO SEMILORE/Desktop/Timetable/models/course.js":{"path":"/mnt/c/Users/AKINLO SEMILORE/Desktop/Timetable/models/course.js","statementMap":{"0":{"start":{"line":1,"column":17},"end":{"line":1,"column":36}},"1":{"start":{"line":2,"column":21},"end":{"line":2,"column":44}},"2":{"start":{"line":3,"column":15},"end":{"line":3,"column":30}},"3":{"start":{"line":5,"column":23},"end":{"line":5,"column":64}},"4":{"start":{"line":5,"column":30},"end":{"line":5,"column":64}},"5":{"start":{"line":7,"column":21},"end":{"line":40,"column":2}},"6":{"start":{"line":44,"column":0},"end":{"line":46,"column":2}},"7":{"start":{"line":48,"column":15},"end":{"line":48,"column":53}},"8":{"start":{"line":52,"column":0},"end":{"line":52,"column":23}}},"fnMap":{"0":{"name":"(anonymous_0)","decl":{"start":{"line":5,"column":23},"end":{"line":5,"column":24}},"loc":{"start":{"line":5,"column":30},"end":{"line":5,"column":64}},"line":5}},"branchMap":{},"s":{"0":1,"1":1,"2":1,"3":1,"4":0,"5":1,"6":1,"7":1,"8":1},"f":{"0":0},"b":{},"_coverageSchema":"1a1c01bbd47fc00a2c39e90264f33305004495a9","hash":"122606315f8c8da9f69071edd2a48f799a749c64","contentHash":"5c213869f5ed5509443bd89e5957931e3965225b349d46b412dd07c0e21dad75"},"/mnt/c/Users/AKINLO SEMILORE/Desktop/Timetable/controller/period_controller.js":{"path":"/mnt/c/Users/AKINLO SEMILORE/Desktop/Timetable/controller/period_controller.js","statementMap":{"0":{"start":{"line":1,"column":16},"end":{"line":1,"column":34}},"1":{"start":{"line":2,"column":17},"end":{"line":2,"column":36}},"2":{"start":{"line":4,"column":15},"end":{"line":4,"column":42}},"3":{"start":{"line":5,"column":15},"end":{"line":5,"column":42}},"4":{"start":{"line":7,"column":21},"end":{"line":40,"column":1}},"5":{"start":{"line":8,"column":41},"end":{"line":8,"column":49}},"6":{"start":{"line":10,"column":2},"end":{"line":39,"column":3}},"7":{"start":{"line":11,"column":27},"end":{"line":13,"column":13}},"8":{"start":{"line":14,"column":4},"end":{"line":18,"column":5}},"9":{"start":{"line":15,"column":6},"end":{"line":17,"column":9}},"10":{"start":{"line":20,"column":19},"end":{"line":24,"column":6}},"11":{"start":{"line":26,"column":4},"end":{"line":26,"column":23}},"12":{"start":{"line":28,"column":17},"end":{"line":28,"column":85}},"13":{"start":{"line":30,"column":4},"end":{"line":33,"column":7}},"14":{"start":{"line":35,"column":4},"end":{"line":38,"column":7}},"15":{"start":{"line":42,"column":22},"end":{"line":61,"column":1}},"16":{"start":{"line":43,"column":2},"end":{"line":60,"column":3}},"17":{"start":{"line":44,"column":17},"end":{"line":44,"column":57}},"18":{"start":{"line":45,"column":4},"end":{"line":56,"column":5}},"19":{"start":{"line":46,"column":6},"end":{"line":49,"column":9}},"20":{"start":{"line":50,"column":6},"end":{"line":50,"column":13}},"21":{"start":{"line":52,"column":6},"end":{"line":55,"column":9}},"22":{"start":{"line":58,"column":4},"end":{"line":58,"column":23}},"23":{"start":{"line":59,"column":4},"end":{"line":59,"column":32}},"24":{"start":{"line":63,"column":21},"end":{"line":76,"column":1}},"25":{"start":{"line":64,"column":18},"end":{"line":64,"column":29}},"26":{"start":{"line":65,"column":24},"end":{"line":65,"column":123}},"27":{"start":{"line":66,"column":2},"end":{"line":75,"column":3}},"28":{"start":{"line":67,"column":6},"end":{"line":69,"column":9}},"29":{"start":{"line":71,"column":6},"end":{"line":74,"column":9}},"30":{"start":{"line":79,"column":21},"end":{"line":92,"column":1}},"31":{"start":{"line":80,"column":18},"end":{"line":80,"column":29}},"32":{"start":{"line":81,"column":2},"end":{"line":91,"column":3}},"33":{"start":{"line":82,"column":17},"end":{"line":82,"column":72}},"34":{"start":{"line":83,"column":4},"end":{"line":86,"column":5}},"35":{"start":{"line":84,"column":6},"end":{"line":84,"column":69}},"36":{"start":{"line":85,"column":6},"end":{"line":85,"column":13}},"37":{"start":{"line":87,"column":4},"end":{"line":87,"column":32}},"38":{"start":{"line":89,"column":4},"end":{"line":89,"column":23}},"39":{"start":{"line":90,"column":4},"end":{"line":90,"column":32}},"40":{"start":{"line":93,"column":0},"end":{"line":93,"column":77}}},"fnMap":{"0":{"name":"(anonymous_0)","decl":{"start":{"line":7,"column":21},"end":{"line":7,"column":22}},"loc":{"start":{"line":7,"column":41},"end":{"line":40,"column":1}},"line":7},"1":{"name":"(anonymous_1)","decl":{"start":{"line":42,"column":22},"end":{"line":42,"column":23}},"loc":{"start":{"line":42,"column":42},"end":{"line":61,"column":1}},"line":42},"2":{"name":"(anonymous_2)","decl":{"start":{"line":63,"column":21},"end":{"line":63,"column":22}},"loc":{"start":{"line":63,"column":40},"end":{"line":76,"column":1}},"line":63},"3":{"name":"(anonymous_3)","decl":{"start":{"line":79,"column":21},"end":{"line":79,"column":22}},"loc":{"start":{"line":79,"column":41},"end":{"line":92,"column":1}},"line":79}},"branchMap":{"0":{"loc":{"start":{"line":14,"column":4},"end":{"line":18,"column":5}},"type":"if","locations":[{"start":{"line":14,"column":4},"end":{"line":18,"column":5}},{"start":{"line":14,"column":4},"end":{"line":18,"column":5}}],"line":14},"1":{"loc":{"start":{"line":45,"column":4},"end":{"line":56,"column":5}},"type":"if","locations":[{"start":{"line":45,"column":4},"end":{"line":56,"column":5}},{"start":{"line":45,"column":4},"end":{"line":56,"column":5}}],"line":45},"2":{"loc":{"start":{"line":66,"column":2},"end":{"line":75,"column":3}},"type":"if","locations":[{"start":{"line":66,"column":2},"end":{"line":75,"column":3}},{"start":{"line":66,"column":2},"end":{"line":75,"column":3}}],"line":66},"3":{"loc":{"start":{"line":83,"column":4},"end":{"line":86,"column":5}},"type":"if","locations":[{"start":{"line":83,"column":4},"end":{"line":86,"column":5}},{"start":{"line":83,"column":4},"end":{"line":86,"column":5}}],"line":83}},"s":{"0":1,"1":1,"2":1,"3":1,"4":1,"5":0,"6":0,"7":0,"8":0,"9":0,"10":0,"11":0,"12":0,"13":0,"14":0,"15":1,"16":0,"17":0,"18":0,"19":0,"20":0,"21":0,"22":0,"23":0,"24":1,"25":0,"26":0,"27":0,"28":0,"29":0,"30":1,"31":0,"32":0,"33":0,"34":0,"35":0,"36":0,"37":0,"38":0,"39":0,"40":1},"f":{"0":0,"1":0,"2":0,"3":0},"b":{"0":[0,0],"1":[0,0],"2":[0,0],"3":[0,0]},"_coverageSchema":"1a1c01bbd47fc00a2c39e90264f33305004495a9","hash":"718974f21d843395e29491a62ffb01759ad514bf","contentHash":"6beaccb5ab66afc7bef1bed7269dd7f1d4d6267682846169f9d4461df02f71f2"},"/mnt/c/Users/AKINLO SEMILORE/Desktop/Timetable/models/period.js":{"path":"/mnt/c/Users/AKINLO SEMILORE/Desktop/Timetable/models/period.js","statementMap":{"0":{"start":{"line":1,"column":17},"end":{"line":1,"column":36}},"1":{"start":{"line":2,"column":15},"end":{"line":2,"column":30}},"2":{"start":{"line":4,"column":21},"end":{"line":12,"column":2}},"3":{"start":{"line":14,"column":15},"end":{"line":14,"column":53}},"4":{"start":{"line":16,"column":0},"end":{"line":16,"column":23}}},"fnMap":{},"branchMap":{},"s":{"0":1,"1":1,"2":1,"3":1,"4":1},"f":{},"b":{},"_coverageSchema":"1a1c01bbd47fc00a2c39e90264f33305004495a9","hash":"65468fd2f7ee0850038c825b3db8bf5a11069dd3","contentHash":"43b85a116182034458e249a34b3dd72ff8021d9fd2ae214896ad014276fff65c"},"/mnt/c/Users/AKINLO SEMILORE/Desktop/Timetable/controller/user.js":{"path":"/mnt/c/Users/AKINLO SEMILORE/Desktop/Timetable/controller/user.js","statementMap":{"0":{"start":{"line":1,"column":16},"end":{"line":1,"column":34}},"1":{"start":{"line":2,"column":17},"end":{"line":2,"column":36}},"2":{"start":{"line":3,"column":13},"end":{"line":3,"column":38}},"3":{"start":{"line":4,"column":15},"end":{"line":4,"column":42}},"4":{"start":{"line":5,"column":12},"end":{"line":5,"column":35}},"5":{"start":{"line":6,"column":19},"end":{"line":6,"column":46}},"6":{"start":{"line":7,"column":24},"end":{"line":7,"column":55}},"7":{"start":{"line":8,"column":35},"end":{"line":8,"column":52}},"8":{"start":{"line":9,"column":15},"end":{"line":9,"column":32}},"9":{"start":{"line":10,"column":15},"end":{"line":10,"column":32}},"10":{"start":{"line":11,"column":8},"end":{"line":11,"column":25}},"11":{"start":{"line":12,"column":21},"end":{"line":12,"column":39}},"12":{"start":{"line":13,"column":18},"end":{"line":13,"column":36}},"13":{"start":{"line":14,"column":16},"end":{"line":14,"column":42}},"14":{"start":{"line":15,"column":0},"end":{"line":15,"column":27}},"15":{"start":{"line":17,"column":15},"end":{"line":22,"column":2}},"16":{"start":{"line":24,"column":14},"end":{"line":54,"column":1}},"17":{"start":{"line":25,"column":31},"end":{"line":25,"column":39}},"18":{"start":{"line":26,"column":2},"end":{"line":53,"column":3}},"19":{"start":{"line":27,"column":17},"end":{"line":27,"column":71}},"20":{"start":{"line":28,"column":4},"end":{"line":33,"column":5}},"21":{"start":{"line":29,"column":6},"end":{"line":32,"column":9}},"22":{"start":{"line":35,"column":4},"end":{"line":41,"column":7}},"23":{"start":{"line":36,"column":6},"end":{"line":40,"column":7}},"24":{"start":{"line":37,"column":8},"end":{"line":39,"column":56}},"25":{"start":{"line":43,"column":18},"end":{"line":43,"column":53}},"26":{"start":{"line":44,"column":4},"end":{"line":47,"column":7}},"27":{"start":{"line":49,"column":4},"end":{"line":52,"column":7}},"28":{"start":{"line":56,"column":19},"end":{"line":88,"column":1}},"29":{"start":{"line":57,"column":36},"end":{"line":57,"column":44}},"30":{"start":{"line":58,"column":2},"end":{"line":87,"column":3}},"31":{"start":{"line":59,"column":17},"end":{"line":61,"column":13}},"32":{"start":{"line":62,"column":4},"end":{"line":67,"column":5}},"33":{"start":{"line":63,"column":6},"end":{"line":66,"column":9}},"34":{"start":{"line":69,"column":4},"end":{"line":75,"column":7}},"35":{"start":{"line":70,"column":6},"end":{"line":74,"column":7}},"36":{"start":{"line":71,"column":8},"end":{"line":73,"column":56}},"37":{"start":{"line":77,"column":18},"end":{"line":77,"column":59}},"38":{"start":{"line":78,"column":4},"end":{"line":81,"column":7}},"39":{"start":{"line":83,"column":4},"end":{"line":86,"column":7}},"40":{"start":{"line":90,"column":15},"end":{"line":139,"column":1}},"41":{"start":{"line":100,"column":6},"end":{"line":100,"column":14}},"42":{"start":{"line":102,"column":2},"end":{"line":138,"column":3}},"43":{"start":{"line":103,"column":25},"end":{"line":103,"column":79}},"44":{"start":{"line":104,"column":4},"end":{"line":109,"column":5}},"45":{"start":{"line":105,"column":6},"end":{"line":108,"column":9}},"46":{"start":{"line":110,"column":19},"end":{"line":112,"column":27}},"47":{"start":{"line":113,"column":4},"end":{"line":113,"column":24}},"48":{"start":{"line":115,"column":17},"end":{"line":125,"column":6}},"49":{"start":{"line":127,"column":4},"end":{"line":127,"column":22}},"50":{"start":{"line":128,"column":4},"end":{"line":128,"column":80}},"51":{"start":{"line":129,"column":4},"end":{"line":132,"column":7}},"52":{"start":{"line":134,"column":4},"end":{"line":137,"column":7}},"53":{"start":{"line":141,"column":23},"end":{"line":164,"column":1}},"54":{"start":{"line":142,"column":17},"end":{"line":142,"column":74}},"55":{"start":{"line":143,"column":16},"end":{"line":143,"column":24}},"56":{"start":{"line":144,"column":2},"end":{"line":163,"column":5}},"57":{"start":{"line":145,"column":4},"end":{"line":147,"column":5}},"58":{"start":{"line":146,"column":6},"end":{"line":146,"column":57}},"59":{"start":{"line":148,"column":4},"end":{"line":155,"column":7}},"60":{"start":{"line":156,"column":4},"end":{"line":156,"column":23}},"61":{"start":{"line":157,"column":4},"end":{"line":157,"column":40}},"62":{"start":{"line":158,"column":4},"end":{"line":162,"column":7}},"63":{"start":{"line":159,"column":6},"end":{"line":161,"column":7}},"64":{"start":{"line":160,"column":8},"end":{"line":160,"column":68}},"65":{"start":{"line":166,"column":22},"end":{"line":188,"column":1}},"66":{"start":{"line":167,"column":38},"end":{"line":167,"column":46}},"67":{"start":{"line":168,"column":2},"end":{"line":187,"column":5}},"68":{"start":{"line":169,"column":4},"end":{"line":171,"column":5}},"69":{"start":{"line":170,"column":6},"end":{"line":170,"column":60}},"70":{"start":{"line":172,"column":4},"end":{"line":172,"column":22}},"71":{"start":{"line":174,"column":16},"end":{"line":177,"column":5}},"72":{"start":{"line":179,"column":4},"end":{"line":179,"column":31}},"73":{"start":{"line":180,"column":4},"end":{"line":186,"column":7}},"74":{"start":{"line":181,"column":6},"end":{"line":185,"column":7}},"75":{"start":{"line":182,"column":8},"end":{"line":182,"column":71}},"76":{"start":{"line":184,"column":8},"end":{"line":184,"column":78}},"77":{"start":{"line":190,"column":37},"end":{"line":225,"column":1}},"78":{"start":{"line":191,"column":18},"end":{"line":191,"column":29}},"79":{"start":{"line":192,"column":39},"end":{"line":192,"column":47}},"80":{"start":{"line":194,"column":2},"end":{"line":224,"column":3}},"81":{"start":{"line":195,"column":17},"end":{"line":195,"column":68}},"82":{"start":{"line":196,"column":4},"end":{"line":200,"column":5}},"83":{"start":{"line":197,"column":6},"end":{"line":199,"column":9}},"84":{"start":{"line":202,"column":4},"end":{"line":209,"column":7}},"85":{"start":{"line":203,"column":6},"end":{"line":207,"column":7}},"86":{"start":{"line":204,"column":8},"end":{"line":206,"column":72}},"87":{"start":{"line":211,"column":4},"end":{"line":211,"column":31}},"88":{"start":{"line":212,"column":4},"end":{"line":212,"column":22}},"89":{"start":{"line":214,"column":4},"end":{"line":217,"column":7}},"90":{"start":{"line":220,"column":4},"end":{"line":223,"column":7}},"91":{"start":{"line":227,"column":16},"end":{"line":256,"column":1}},"92":{"start":{"line":228,"column":2},"end":{"line":255,"column":3}},"93":{"start":{"line":229,"column":18},"end":{"line":229,"column":35}},"94":{"start":{"line":231,"column":20},"end":{"line":231,"column":45}},"95":{"start":{"line":232,"column":17},"end":{"line":238,"column":6}},"96":{"start":{"line":240,"column":4},"end":{"line":250,"column":5}},"97":{"start":{"line":241,"column":6},"end":{"line":243,"column":9}},"98":{"start":{"line":245,"column":6},"end":{"line":249,"column":9}},"99":{"start":{"line":252,"column":4},"end":{"line":254,"column":7}},"100":{"start":{"line":259,"column":20},"end":{"line":271,"column":1}},"101":{"start":{"line":260,"column":16},"end":{"line":260,"column":35}},"102":{"start":{"line":261,"column":2},"end":{"line":270,"column":3}},"103":{"start":{"line":262,"column":4},"end":{"line":265,"column":8}},"104":{"start":{"line":267,"column":4},"end":{"line":269,"column":7}},"105":{"start":{"line":275,"column":19},"end":{"line":296,"column":1}},"106":{"start":{"line":276,"column":18},"end":{"line":276,"column":29}},"107":{"start":{"line":277,"column":22},"end":{"line":285,"column":4}},"108":{"start":{"line":286,"column":2},"end":{"line":295,"column":3}},"109":{"start":{"line":287,"column":4},"end":{"line":289,"column":7}},"110":{"start":{"line":291,"column":4},"end":{"line":294,"column":7}},"111":{"start":{"line":298,"column":24},"end":{"line":314,"column":1}},"112":{"start":{"line":299,"column":2},"end":{"line":299,"column":24}},"113":{"start":{"line":300,"column":16},"end":{"line":300,"column":18}},"114":{"start":{"line":301,"column":27},"end":{"line":303,"column":19}},"115":{"start":{"line":304,"column":2},"end":{"line":313,"column":3}},"116":{"start":{"line":305,"column":4},"end":{"line":307,"column":7}},"117":{"start":{"line":309,"column":4},"end":{"line":312,"column":7}},"118":{"start":{"line":317,"column":23},"end":{"line":340,"column":1}},"119":{"start":{"line":318,"column":18},"end":{"line":318,"column":29}},"120":{"start":{"line":319,"column":22},"end":{"line":329,"column":4}},"121":{"start":{"line":330,"column":2},"end":{"line":339,"column":3}},"122":{"start":{"line":331,"column":4},"end":{"line":333,"column":7}},"123":{"start":{"line":335,"column":4},"end":{"line":338,"column":7}},"124":{"start":{"line":342,"column":23},"end":{"line":363,"column":1}},"125":{"start":{"line":343,"column":20},"end":{"line":343,"column":29}},"126":{"start":{"line":344,"column":12},"end":{"line":344,"column":29}},"127":{"start":{"line":345,"column":2},"end":{"line":362,"column":3}},"128":{"start":{"line":346,"column":4},"end":{"line":356,"column":5}},"129":{"start":{"line":347,"column":6},"end":{"line":351,"column":9}},"130":{"start":{"line":353,"column":6},"end":{"line":355,"column":9}},"131":{"start":{"line":358,"column":4},"end":{"line":361,"column":7}},"132":{"start":{"line":365,"column":0},"end":{"line":377,"column":2}}},"fnMap":{"0":{"name":"(anonymous_0)","decl":{"start":{"line":24,"column":14},"end":{"line":24,"column":15}},"loc":{"start":{"line":24,"column":34},"end":{"line":54,"column":1}},"line":24},"1":{"name":"(anonymous_1)","decl":{"start":{"line":35,"column":44},"end":{"line":35,"column":45}},"loc":{"start":{"line":35,"column":60},"end":{"line":41,"column":5}},"line":35},"2":{"name":"(anonymous_2)","decl":{"start":{"line":56,"column":19},"end":{"line":56,"column":20}},"loc":{"start":{"line":56,"column":39},"end":{"line":88,"column":1}},"line":56},"3":{"name":"(anonymous_3)","decl":{"start":{"line":69,"column":44},"end":{"line":69,"column":45}},"loc":{"start":{"line":69,"column":60},"end":{"line":75,"column":5}},"line":69},"4":{"name":"(anonymous_4)","decl":{"start":{"line":90,"column":15},"end":{"line":90,"column":16}},"loc":{"start":{"line":90,"column":35},"end":{"line":139,"column":1}},"line":90},"5":{"name":"(anonymous_5)","decl":{"start":{"line":141,"column":23},"end":{"line":141,"column":24}},"loc":{"start":{"line":141,"column":37},"end":{"line":164,"column":1}},"line":141},"6":{"name":"(anonymous_6)","decl":{"start":{"line":144,"column":42},"end":{"line":144,"column":43}},"loc":{"start":{"line":144,"column":57},"end":{"line":163,"column":3}},"line":144},"7":{"name":"(anonymous_7)","decl":{"start":{"line":158,"column":49},"end":{"line":158,"column":50}},"loc":{"start":{"line":158,"column":67},"end":{"line":162,"column":5}},"line":158},"8":{"name":"(anonymous_8)","decl":{"start":{"line":166,"column":22},"end":{"line":166,"column":23}},"loc":{"start":{"line":166,"column":36},"end":{"line":188,"column":1}},"line":166},"9":{"name":"(anonymous_9)","decl":{"start":{"line":168,"column":52},"end":{"line":168,"column":53}},"loc":{"start":{"line":168,"column":67},"end":{"line":187,"column":3}},"line":168},"10":{"name":"(anonymous_10)","decl":{"start":{"line":180,"column":14},"end":{"line":180,"column":15}},"loc":{"start":{"line":180,"column":31},"end":{"line":186,"column":5}},"line":180},"11":{"name":"(anonymous_11)","decl":{"start":{"line":190,"column":37},"end":{"line":190,"column":38}},"loc":{"start":{"line":190,"column":57},"end":{"line":225,"column":1}},"line":190},"12":{"name":"(anonymous_12)","decl":{"start":{"line":202,"column":47},"end":{"line":202,"column":48}},"loc":{"start":{"line":202,"column":63},"end":{"line":209,"column":5}},"line":202},"13":{"name":"(anonymous_13)","decl":{"start":{"line":227,"column":16},"end":{"line":227,"column":17}},"loc":{"start":{"line":227,"column":36},"end":{"line":256,"column":1}},"line":227},"14":{"name":"(anonymous_14)","decl":{"start":{"line":259,"column":20},"end":{"line":259,"column":21}},"loc":{"start":{"line":259,"column":40},"end":{"line":271,"column":1}},"line":259},"15":{"name":"(anonymous_15)","decl":{"start":{"line":275,"column":19},"end":{"line":275,"column":20}},"loc":{"start":{"line":275,"column":39},"end":{"line":296,"column":1}},"line":275},"16":{"name":"(anonymous_16)","decl":{"start":{"line":298,"column":24},"end":{"line":298,"column":25}},"loc":{"start":{"line":298,"column":44},"end":{"line":314,"column":1}},"line":298},"17":{"name":"(anonymous_17)","decl":{"start":{"line":317,"column":23},"end":{"line":317,"column":24}},"loc":{"start":{"line":317,"column":43},"end":{"line":340,"column":1}},"line":317},"18":{"name":"(anonymous_18)","decl":{"start":{"line":342,"column":23},"end":{"line":342,"column":24}},"loc":{"start":{"line":342,"column":43},"end":{"line":363,"column":1}},"line":342}},"branchMap":{"0":{"loc":{"start":{"line":28,"column":4},"end":{"line":33,"column":5}},"type":"if","locations":[{"start":{"line":28,"column":4},"end":{"line":33,"column":5}},{"start":{"line":28,"column":4},"end":{"line":33,"column":5}}],"line":28},"1":{"loc":{"start":{"line":36,"column":6},"end":{"line":40,"column":7}},"type":"if","locations":[{"start":{"line":36,"column":6},"end":{"line":40,"column":7}},{"start":{"line":36,"column":6},"end":{"line":40,"column":7}}],"line":36},"2":{"loc":{"start":{"line":62,"column":4},"end":{"line":67,"column":5}},"type":"if","locations":[{"start":{"line":62,"column":4},"end":{"line":67,"column":5}},{"start":{"line":62,"column":4},"end":{"line":67,"column":5}}],"line":62},"3":{"loc":{"start":{"line":70,"column":6},"end":{"line":74,"column":7}},"type":"if","locations":[{"start":{"line":70,"column":6},"end":{"line":74,"column":7}},{"start":{"line":70,"column":6},"end":{"line":74,"column":7}}],"line":70},"4":{"loc":{"start":{"line":104,"column":4},"end":{"line":109,"column":5}},"type":"if","locations":[{"start":{"line":104,"column":4},"end":{"line":109,"column":5}},{"start":{"line":104,"column":4},"end":{"line":109,"column":5}}],"line":104},"5":{"loc":{"start":{"line":145,"column":4},"end":{"line":147,"column":5}},"type":"if","locations":[{"start":{"line":145,"column":4},"end":{"line":147,"column":5}},{"start":{"line":145,"column":4},"end":{"line":147,"column":5}}],"line":145},"6":{"loc":{"start":{"line":159,"column":6},"end":{"line":161,"column":7}},"type":"if","locations":[{"start":{"line":159,"column":6},"end":{"line":161,"column":7}},{"start":{"line":159,"column":6},"end":{"line":161,"column":7}}],"line":159},"7":{"loc":{"start":{"line":169,"column":4},"end":{"line":171,"column":5}},"type":"if","locations":[{"start":{"line":169,"column":4},"end":{"line":171,"column":5}},{"start":{"line":169,"column":4},"end":{"line":171,"column":5}}],"line":169},"8":{"loc":{"start":{"line":181,"column":6},"end":{"line":185,"column":7}},"type":"if","locations":[{"start":{"line":181,"column":6},"end":{"line":185,"column":7}},{"start":{"line":181,"column":6},"end":{"line":185,"column":7}}],"line":181},"9":{"loc":{"start":{"line":196,"column":4},"end":{"line":200,"column":5}},"type":"if","locations":[{"start":{"line":196,"column":4},"end":{"line":200,"column":5}},{"start":{"line":196,"column":4},"end":{"line":200,"column":5}}],"line":196},"10":{"loc":{"start":{"line":203,"column":6},"end":{"line":207,"column":7}},"type":"if","locations":[{"start":{"line":203,"column":6},"end":{"line":207,"column":7}},{"start":{"line":203,"column":6},"end":{"line":207,"column":7}}],"line":203},"11":{"loc":{"start":{"line":240,"column":4},"end":{"line":250,"column":5}},"type":"if","locations":[{"start":{"line":240,"column":4},"end":{"line":250,"column":5}},{"start":{"line":240,"column":4},"end":{"line":250,"column":5}}],"line":240},"12":{"loc":{"start":{"line":261,"column":2},"end":{"line":270,"column":3}},"type":"if","locations":[{"start":{"line":261,"column":2},"end":{"line":270,"column":3}},{"start":{"line":261,"column":2},"end":{"line":270,"column":3}}],"line":261},"13":{"loc":{"start":{"line":286,"column":2},"end":{"line":295,"column":3}},"type":"if","locations":[{"start":{"line":286,"column":2},"end":{"line":295,"column":3}},{"start":{"line":286,"column":2},"end":{"line":295,"column":3}}],"line":286},"14":{"loc":{"start":{"line":304,"column":2},"end":{"line":313,"column":3}},"type":"if","locations":[{"start":{"line":304,"column":2},"end":{"line":313,"column":3}},{"start":{"line":304,"column":2},"end":{"line":313,"column":3}}],"line":304},"15":{"loc":{"start":{"line":330,"column":2},"end":{"line":339,"column":3}},"type":"if","locations":[{"start":{"line":330,"column":2},"end":{"line":339,"column":3}},{"start":{"line":330,"column":2},"end":{"line":339,"column":3}}],"line":330},"16":{"loc":{"start":{"line":346,"column":4},"end":{"line":356,"column":5}},"type":"if","locations":[{"start":{"line":346,"column":4},"end":{"line":356,"column":5}},{"start":{"line":346,"column":4},"end":{"line":356,"column":5}}],"line":346}},"s":{"0":1,"1":1,"2":1,"3":1,"4":1,"5":1,"6":1,"7":1,"8":1,"9":1,"10":1,"11":1,"12":1,"13":1,"14":1,"15":1,"16":1,"17":0,"18":0,"19":0,"20":0,"21":0,"22":0,"23":0,"24":0,"25":0,"26":0,"27":0,"28":1,"29":0,"30":0,"31":0,"32":0,"33":0,"34":0,"35":0,"36":0,"37":0,"38":0,"39":0,"40":1,"41":1,"42":1,"43":1,"44":0,"45":0,"46":0,"47":0,"48":0,"49":0,"50":0,"51":0,"52":0,"53":1,"54":0,"55":0,"56":0,"57":0,"58":0,"59":0,"60":0,"61":0,"62":0,"63":0,"64":0,"65":1,"66":0,"67":0,"68":0,"69":0,"70":0,"71":0,"72":0,"73":0,"74":0,"75":0,"76":0,"77":1,"78":0,"79":0,"80":0,"81":0,"82":0,"83":0,"84":0,"85":0,"86":0,"87":0,"88":0,"89":0,"90":0,"91":1,"92":0,"93":0,"94":0,"95":0,"96":0,"97":0,"98":0,"99":0,"100":1,"101":0,"102":0,"103":0,"104":0,"105":1,"106":0,"107":0,"108":0,"109":0,"110":0,"111":1,"112":0,"113":0,"114":0,"115":0,"116":0,"117":0,"118":1,"119":0,"120":0,"121":0,"122":0,"123":0,"124":1,"125":0,"126":0,"127":0,"128":0,"129":0,"130":0,"131":0,"132":1},"f":{"0":0,"1":0,"2":0,"3":0,"4":1,"5":0,"6":0,"7":0,"8":0,"9":0,"10":0,"11":0,"12":0,"13":0,"14":0,"15":0,"16":0,"17":0,"18":0},"b":{"0":[0,0],"1":[0,0],"2":[0,0],"3":[0,0],"4":[0,0],"5":[0,0],"6":[0,0],"7":[0,0],"8":[0,0],"9":[0,0],"10":[0,0],"11":[0,0],"12":[0,0],"13":[0,0],"14":[0,0],"15":[0,0],"16":[0,0]},"_coverageSchema":"1a1c01bbd47fc00a2c39e90264f33305004495a9","hash":"ea76570db5d30430b53340a54da49dd33c17b3fb","contentHash":"357f3c4c622df24d8ce797d23f358c531e63928119d651c3673debbe9d7857f2"},"/mnt/c/Users/AKINLO SEMILORE/Desktop/Timetable/models/user.js":{"path":"/mnt/c/Users/AKINLO SEMILORE/Desktop/Timetable/models/user.js","statementMap":{"0":{"start":{"line":1,"column":17},"end":{"line":1,"column":36}},"1":{"start":{"line":2,"column":15},"end":{"line":2,"column":32}},"2":{"start":{"line":3,"column":15},"end":{"line":3,"column":30}},"3":{"start":{"line":4,"column":25},"end":{"line":4,"column":27}},"4":{"start":{"line":6,"column":19},"end":{"line":59,"column":2}},"5":{"start":{"line":61,"column":0},"end":{"line":70,"column":3}},"6":{"start":{"line":63,"column":4},"end":{"line":69,"column":5}},"7":{"start":{"line":64,"column":21},"end":{"line":64,"column":59}},"8":{"start":{"line":65,"column":8},"end":{"line":65,"column":63}},"9":{"start":{"line":66,"column":8},"end":{"line":66,"column":22}},"10":{"start":{"line":68,"column":8},"end":{"line":68,"column":25}},"11":{"start":{"line":72,"column":0},"end":{"line":74,"column":1}},"12":{"start":{"line":73,"column":4},"end":{"line":73,"column":72}},"13":{"start":{"line":76,"column":13},"end":{"line":76,"column":47}},"14":{"start":{"line":78,"column":0},"end":{"line":78,"column":22}}},"fnMap":{"0":{"name":"save","decl":{"start":{"line":61,"column":38},"end":{"line":61,"column":42}},"loc":{"start":{"line":61,"column":49},"end":{"line":70,"column":1}},"line":61},"1":{"name":"(anonymous_1)","decl":{"start":{"line":72,"column":37},"end":{"line":72,"column":38}},"loc":{"start":{"line":72,"column":67},"end":{"line":74,"column":1}},"line":72}},"branchMap":{},"s":{"0":1,"1":1,"2":1,"3":1,"4":1,"5":1,"6":0,"7":0,"8":0,"9":0,"10":0,"11":1,"12":0,"13":1,"14":1},"f":{"0":0,"1":0},"b":{},"_coverageSchema":"1a1c01bbd47fc00a2c39e90264f33305004495a9","hash":"c1fc8cfdc67e4de99ebfb22ad3e335d7ce804f14","contentHash":"cd67b5db1483f37345c2dcdb968e65d071b9f54ffc8d415fe9c08fe02b470305"},"/mnt/c/Users/AKINLO SEMILORE/Desktop/Timetable/config/helper.js":{"path":"/mnt/c/Users/AKINLO SEMILORE/Desktop/Timetable/config/helper.js","statementMap":{"0":{"start":{"line":2,"column":0},"end":{"line":4,"column":1}}},"fnMap":{},"branchMap":{},"s":{"0":1},"f":{},"b":{},"_coverageSchema":"1a1c01bbd47fc00a2c39e90264f33305004495a9","hash":"e92b890475bace146b70065d31f81379714ce4dd","contentHash":"9985d6db57dd31736611b4d8b2a5d1ecec76857a2a03757de4b1f8d38b4499c9"},"/mnt/c/Users/AKINLO SEMILORE/Desktop/Timetable/config/nodemailer.js":{"path":"/mnt/c/Users/AKINLO SEMILORE/Desktop/Timetable/config/nodemailer.js","statementMap":{"0":{"start":{"line":1,"column":19},"end":{"line":1,"column":40}},"1":{"start":{"line":4,"column":20},"end":{"line":12,"column":2}},"2":{"start":{"line":14,"column":0},"end":{"line":14,"column":32}}},"fnMap":{},"branchMap":{},"s":{"0":1,"1":1,"2":1},"f":{},"b":{},"_coverageSchema":"1a1c01bbd47fc00a2c39e90264f33305004495a9","hash":"dc75517b8d95fd8b2ba6943b1dc45fc7ddcb6ddf","contentHash":"8452f9eec87e825bf11302a0468a653f2d5ade443b6a325fe3c34f3c592d8bb0"},"/mnt/c/Users/AKINLO SEMILORE/Desktop/Timetable/controller/class_controller.js":{"path":"/mnt/c/Users/AKINLO SEMILORE/Desktop/Timetable/controller/class_controller.js","statementMap":{"0":{"start":{"line":1,"column":16},"end":{"line":1,"column":34}},"1":{"start":{"line":2,"column":17},"end":{"line":2,"column":36}},"2":{"start":{"line":3,"column":18},"end":{"line":3,"column":44}},"3":{"start":{"line":6,"column":20},"end":{"line":40,"column":1}},"4":{"start":{"line":7,"column":85},"end":{"line":7,"column":93}},"5":{"start":{"line":9,"column":4},"end":{"line":39,"column":5}},"6":{"start":{"line":10,"column":30},"end":{"line":10,"column":81}},"7":{"start":{"line":11,"column":8},"end":{"line":11,"column":34}},"8":{"start":{"line":12,"column":8},"end":{"line":16,"column":9}},"9":{"start":{"line":13,"column":12},"end":{"line":15,"column":15}},"10":{"start":{"line":18,"column":24},"end":{"line":25,"column":10}},"11":{"start":{"line":26,"column":8},"end":{"line":26,"column":28}},"12":{"start":{"line":28,"column":21},"end":{"line":28,"column":84}},"13":{"start":{"line":30,"column":8},"end":{"line":33,"column":11}},"14":{"start":{"line":35,"column":8},"end":{"line":38,"column":11}},"15":{"start":{"line":42,"column":17},"end":{"line":54,"column":1}},"16":{"start":{"line":43,"column":20},"end":{"line":43,"column":87}},"17":{"start":{"line":44,"column":2},"end":{"line":53,"column":3}},"18":{"start":{"line":45,"column":4},"end":{"line":48,"column":8}},"19":{"start":{"line":50,"column":4},"end":{"line":52,"column":7}},"20":{"start":{"line":56,"column":20},"end":{"line":70,"column":1}},"21":{"start":{"line":57,"column":20},"end":{"line":57,"column":31}},"22":{"start":{"line":58,"column":25},"end":{"line":58,"column":104}},"23":{"start":{"line":59,"column":4},"end":{"line":68,"column":5}},"24":{"start":{"line":60,"column":8},"end":{"line":62,"column":11}},"25":{"start":{"line":64,"column":8},"end":{"line":67,"column":11}},"26":{"start":{"line":72,"column":20},"end":{"line":86,"column":1}},"27":{"start":{"line":74,"column":20},"end":{"line":74,"column":31}},"28":{"start":{"line":75,"column":4},"end":{"line":85,"column":5}},"29":{"start":{"line":76,"column":21},"end":{"line":76,"column":74}},"30":{"start":{"line":77,"column":8},"end":{"line":80,"column":9}},"31":{"start":{"line":78,"column":12},"end":{"line":78,"column":75}},"32":{"start":{"line":79,"column":12},"end":{"line":79,"column":19}},"33":{"start":{"line":81,"column":8},"end":{"line":81,"column":36}},"34":{"start":{"line":83,"column":8},"end":{"line":83,"column":27}},"35":{"start":{"line":84,"column":8},"end":{"line":84,"column":35}},"36":{"start":{"line":88,"column":0},"end":{"line":88,"column":69}}},"fnMap":{"0":{"name":"(anonymous_0)","decl":{"start":{"line":6,"column":20},"end":{"line":6,"column":21}},"loc":{"start":{"line":6,"column":40},"end":{"line":40,"column":1}},"line":6},"1":{"name":"(anonymous_1)","decl":{"start":{"line":42,"column":17},"end":{"line":42,"column":18}},"loc":{"start":{"line":42,"column":37},"end":{"line":54,"column":1}},"line":42},"2":{"name":"(anonymous_2)","decl":{"start":{"line":56,"column":20},"end":{"line":56,"column":21}},"loc":{"start":{"line":56,"column":40},"end":{"line":70,"column":1}},"line":56},"3":{"name":"(anonymous_3)","decl":{"start":{"line":72,"column":20},"end":{"line":72,"column":21}},"loc":{"start":{"line":72,"column":40},"end":{"line":86,"column":1}},"line":72}},"branchMap":{"0":{"loc":{"start":{"line":12,"column":8},"end":{"line":16,"column":9}},"type":"if","locations":[{"start":{"line":12,"column":8},"end":{"line":16,"column":9}},{"start":{"line":12,"column":8},"end":{"line":16,"column":9}}],"line":12},"1":{"loc":{"start":{"line":44,"column":2},"end":{"line":53,"column":3}},"type":"if","locations":[{"start":{"line":44,"column":2},"end":{"line":53,"column":3}},{"start":{"line":44,"column":2},"end":{"line":53,"column":3}}],"line":44},"2":{"loc":{"start":{"line":59,"column":4},"end":{"line":68,"column":5}},"type":"if","locations":[{"start":{"line":59,"column":4},"end":{"line":68,"column":5}},{"start":{"line":59,"column":4},"end":{"line":68,"column":5}}],"line":59},"3":{"loc":{"start":{"line":77,"column":8},"end":{"line":80,"column":9}},"type":"if","locations":[{"start":{"line":77,"column":8},"end":{"line":80,"column":9}},{"start":{"line":77,"column":8},"end":{"line":80,"column":9}}],"line":77}},"s":{"0":1,"1":1,"2":1,"3":1,"4":0,"5":0,"6":0,"7":0,"8":0,"9":0,"10":0,"11":0,"12":0,"13":0,"14":0,"15":1,"16":0,"17":0,"18":0,"19":0,"20":1,"21":0,"22":0,"23":0,"24":0,"25":0,"26":1,"27":0,"28":0,"29":0,"30":0,"31":0,"32":0,"33":0,"34":0,"35":0,"36":1},"f":{"0":0,"1":0,"2":0,"3":0},"b":{"0":[0,0],"1":[0,0],"2":[0,0],"3":[0,0]},"_coverageSchema":"1a1c01bbd47fc00a2c39e90264f33305004495a9","hash":"90200d521d273f66b30e7e8818e3ade5ace6e370","contentHash":"2f5f8e541cfdfcf80ec32066c7c032ab52d4b6d7b0ea83890d9ba0b1301f8e9c"},"/mnt/c/Users/AKINLO SEMILORE/Desktop/Timetable/models/class.js":{"path":"/mnt/c/Users/AKINLO SEMILORE/Desktop/Timetable/models/class.js","statementMap":{"0":{"start":{"line":1,"column":17},"end":{"line":1,"column":36}},"1":{"start":{"line":2,"column":15},"end":{"line":2,"column":30}},"2":{"start":{"line":4,"column":20},"end":{"line":25,"column":2}},"3":{"start":{"line":27,"column":14},"end":{"line":27,"column":50}},"4":{"start":{"line":29,"column":0},"end":{"line":29,"column":26}}},"fnMap":{},"branchMap":{},"s":{"0":1,"1":1,"2":1,"3":1,"4":1},"f":{},"b":{},"_coverageSchema":"1a1c01bbd47fc00a2c39e90264f33305004495a9","hash":"e6215c22b3ddcdf0491c44aed913429d913b149f","contentHash":"883bdd9d7a7aa88dda064f40893f34ce154d061aa57231834289a6fa99d4dbbd"},"/mnt/c/Users/AKINLO SEMILORE/Desktop/Timetable/controller/discussion_controller.js":{"path":"/mnt/c/Users/AKINLO SEMILORE/Desktop/Timetable/controller/discussion_controller.js","statementMap":{"0":{"start":{"line":1,"column":16},"end":{"line":1,"column":34}},"1":{"start":{"line":2,"column":17},"end":{"line":2,"column":36}},"2":{"start":{"line":3,"column":34},"end":{"line":3,"column":65}},"3":{"start":{"line":4,"column":28},"end":{"line":4,"column":47}},"4":{"start":{"line":5,"column":28},"end":{"line":5,"column":60}},"5":{"start":{"line":8,"column":25},"end":{"line":40,"column":1}},"6":{"start":{"line":9,"column":26},"end":{"line":9,"column":37}},"7":{"start":{"line":10,"column":31},"end":{"line":10,"column":39}},"8":{"start":{"line":12,"column":4},"end":{"line":39,"column":5}},"9":{"start":{"line":13,"column":24},"end":{"line":13,"column":81}},"10":{"start":{"line":14,"column":8},"end":{"line":18,"column":9}},"11":{"start":{"line":15,"column":12},"end":{"line":17,"column":15}},"12":{"start":{"line":19,"column":27},"end":{"line":23,"column":10}},"13":{"start":{"line":26,"column":8},"end":{"line":26,"column":31}},"14":{"start":{"line":28,"column":21},"end":{"line":28,"column":93}},"15":{"start":{"line":30,"column":8},"end":{"line":33,"column":11}},"16":{"start":{"line":35,"column":8},"end":{"line":38,"column":11}},"17":{"start":{"line":42,"column":25},"end":{"line":55,"column":1}},"18":{"start":{"line":43,"column":23},"end":{"line":43,"column":70}},"19":{"start":{"line":44,"column":4},"end":{"line":54,"column":5}},"20":{"start":{"line":45,"column":8},"end":{"line":48,"column":11}},"21":{"start":{"line":50,"column":8},"end":{"line":53,"column":10}},"22":{"start":{"line":58,"column":16},"end":{"line":82,"column":1}},"23":{"start":{"line":59,"column":20},"end":{"line":59,"column":31}},"24":{"start":{"line":61,"column":17},"end":{"line":64,"column":6}},"25":{"start":{"line":65,"column":4},"end":{"line":65,"column":21}},"26":{"start":{"line":67,"column":19},"end":{"line":71,"column":81}},"27":{"start":{"line":72,"column":4},"end":{"line":79,"column":5}},"28":{"start":{"line":73,"column":8},"end":{"line":73,"column":30}},"29":{"start":{"line":75,"column":8},"end":{"line":78,"column":10}},"30":{"start":{"line":84,"column":25},"end":{"line":97,"column":1}},"31":{"start":{"line":85,"column":20},"end":{"line":85,"column":31}},"32":{"start":{"line":86,"column":29},"end":{"line":86,"column":113}},"33":{"start":{"line":87,"column":4},"end":{"line":96,"column":5}},"34":{"start":{"line":88,"column":8},"end":{"line":90,"column":11}},"35":{"start":{"line":92,"column":8},"end":{"line":95,"column":11}},"36":{"start":{"line":99,"column":25},"end":{"line":113,"column":1}},"37":{"start":{"line":100,"column":20},"end":{"line":100,"column":31}},"38":{"start":{"line":101,"column":4},"end":{"line":111,"column":5}},"39":{"start":{"line":102,"column":21},"end":{"line":102,"column":79}},"40":{"start":{"line":103,"column":8},"end":{"line":106,"column":9}},"41":{"start":{"line":104,"column":12},"end":{"line":104,"column":75}},"42":{"start":{"line":105,"column":12},"end":{"line":105,"column":19}},"43":{"start":{"line":107,"column":8},"end":{"line":107,"column":36}},"44":{"start":{"line":109,"column":8},"end":{"line":109,"column":27}},"45":{"start":{"line":110,"column":8},"end":{"line":110,"column":35}},"46":{"start":{"line":116,"column":0},"end":{"line":116,"column":100}}},"fnMap":{"0":{"name":"(anonymous_0)","decl":{"start":{"line":8,"column":25},"end":{"line":8,"column":26}},"loc":{"start":{"line":8,"column":45},"end":{"line":40,"column":1}},"line":8},"1":{"name":"(anonymous_1)","decl":{"start":{"line":42,"column":25},"end":{"line":42,"column":26}},"loc":{"start":{"line":42,"column":45},"end":{"line":55,"column":1}},"line":42},"2":{"name":"(anonymous_2)","decl":{"start":{"line":58,"column":16},"end":{"line":58,"column":17}},"loc":{"start":{"line":58,"column":36},"end":{"line":82,"column":1}},"line":58},"3":{"name":"(anonymous_3)","decl":{"start":{"line":84,"column":25},"end":{"line":84,"column":26}},"loc":{"start":{"line":84,"column":44},"end":{"line":97,"column":1}},"line":84},"4":{"name":"(anonymous_4)","decl":{"start":{"line":99,"column":25},"end":{"line":99,"column":26}},"loc":{"start":{"line":99,"column":45},"end":{"line":113,"column":1}},"line":99}},"branchMap":{"0":{"loc":{"start":{"line":14,"column":8},"end":{"line":18,"column":9}},"type":"if","locations":[{"start":{"line":14,"column":8},"end":{"line":18,"column":9}},{"start":{"line":14,"column":8},"end":{"line":18,"column":9}}],"line":14},"1":{"loc":{"start":{"line":44,"column":4},"end":{"line":54,"column":5}},"type":"if","locations":[{"start":{"line":44,"column":4},"end":{"line":54,"column":5}},{"start":{"line":44,"column":4},"end":{"line":54,"column":5}}],"line":44},"2":{"loc":{"start":{"line":72,"column":4},"end":{"line":79,"column":5}},"type":"if","locations":[{"start":{"line":72,"column":4},"end":{"line":79,"column":5}},{"start":{"line":72,"column":4},"end":{"line":79,"column":5}}],"line":72},"3":{"loc":{"start":{"line":87,"column":4},"end":{"line":96,"column":5}},"type":"if","locations":[{"start":{"line":87,"column":4},"end":{"line":96,"column":5}},{"start":{"line":87,"column":4},"end":{"line":96,"column":5}}],"line":87},"4":{"loc":{"start":{"line":103,"column":8},"end":{"line":106,"column":9}},"type":"if","locations":[{"start":{"line":103,"column":8},"end":{"line":106,"column":9}},{"start":{"line":103,"column":8},"end":{"line":106,"column":9}}],"line":103}},"s":{"0":1,"1":1,"2":1,"3":1,"4":1,"5":1,"6":0,"7":0,"8":0,"9":0,"10":0,"11":0,"12":0,"13":0,"14":0,"15":0,"16":0,"17":1,"18":0,"19":0,"20":0,"21":0,"22":1,"23":0,"24":0,"25":0,"26":0,"27":0,"28":0,"29":0,"30":1,"31":0,"32":0,"33":0,"34":0,"35":0,"36":1,"37":0,"38":0,"39":0,"40":0,"41":0,"42":0,"43":0,"44":0,"45":0,"46":1},"f":{"0":0,"1":0,"2":0,"3":0,"4":0},"b":{"0":[0,0],"1":[0,0],"2":[0,0],"3":[0,0],"4":[0,0]},"_coverageSchema":"1a1c01bbd47fc00a2c39e90264f33305004495a9","hash":"a7fcbc607d05fee543ceba521af0c82f3d7be417","contentHash":"1201b2c4af2637288c556bdfc71ac83833504f7cca251e6cc0f458f1f64bd775"},"/mnt/c/Users/AKINLO SEMILORE/Desktop/Timetable/models/discussion.js":{"path":"/mnt/c/Users/AKINLO SEMILORE/Desktop/Timetable/models/discussion.js","statementMap":{"0":{"start":{"line":1,"column":17},"end":{"line":1,"column":36}},"1":{"start":{"line":2,"column":15},"end":{"line":2,"column":30}},"2":{"start":{"line":4,"column":22},"end":{"line":16,"column":1}},"3":{"start":{"line":18,"column":25},"end":{"line":37,"column":1}},"4":{"start":{"line":40,"column":17},"end":{"line":40,"column":58}},"5":{"start":{"line":42,"column":19},"end":{"line":42,"column":65}},"6":{"start":{"line":44,"column":0},"end":{"line":44,"column":43}}},"fnMap":{},"branchMap":{},"s":{"0":1,"1":1,"2":1,"3":1,"4":1,"5":1,"6":1},"f":{},"b":{},"_coverageSchema":"1a1c01bbd47fc00a2c39e90264f33305004495a9","hash":"64fbefa92aa90e334711685ea0af481289effb67","contentHash":"65339d8c3f94428baf5d62610dc86043a115d02b87a105f16a01cf91291af21f"},"/mnt/c/Users/AKINLO SEMILORE/Desktop/Timetable/middleware/upload.js":{"path":"/mnt/c/Users/AKINLO SEMILORE/Desktop/Timetable/middleware/upload.js","statementMap":{"0":{"start":{"line":1,"column":16},"end":{"line":1,"column":34}},"1":{"start":{"line":2,"column":13},"end":{"line":2,"column":28}},"2":{"start":{"line":3,"column":19},"end":{"line":3,"column":43}},"3":{"start":{"line":4,"column":30},"end":{"line":4,"column":66}},"4":{"start":{"line":5,"column":15},"end":{"line":5,"column":32}},"5":{"start":{"line":7,"column":0},"end":{"line":11,"column":3}},"6":{"start":{"line":13,"column":16},"end":{"line":18,"column":2}},"7":{"start":{"line":19,"column":15},"end":{"line":19,"column":43}},"8":{"start":{"line":22,"column":0},"end":{"line":22,"column":27}}},"fnMap":{},"branchMap":{},"s":{"0":1,"1":1,"2":1,"3":1,"4":1,"5":1,"6":1,"7":1,"8":1},"f":{},"b":{},"_coverageSchema":"1a1c01bbd47fc00a2c39e90264f33305004495a9","hash":"3c68c83fcee3e962841b0d7745016760e0d71f5a","contentHash":"faec96a40eca3df011620511e3c3c5ca7a7eb78569eec40337a0f8224bbe77ea"},"/mnt/c/Users/AKINLO SEMILORE/Desktop/Timetable/middleware/socket.js":{"path":"/mnt/c/Users/AKINLO SEMILORE/Desktop/Timetable/middleware/socket.js","statementMap":{"0":{"start":{"line":1,"column":17},"end":{"line":1,"column":36}},"1":{"start":{"line":2,"column":23},"end":{"line":2,"column":54}},"2":{"start":{"line":3,"column":20},"end":{"line":3,"column":51}},"3":{"start":{"line":4,"column":28},"end":{"line":4,"column":47}},"4":{"start":{"line":6,"column":0},"end":{"line":27,"column":1}},"5":{"start":{"line":8,"column":24},"end":{"line":8,"column":79}},"6":{"start":{"line":9,"column":8},"end":{"line":11,"column":9}},"7":{"start":{"line":10,"column":12},"end":{"line":10,"column":44}},"8":{"start":{"line":12,"column":30},"end":{"line":16,"column":17}},"9":{"start":{"line":18,"column":8},"end":{"line":20,"column":11}},"10":{"start":{"line":23,"column":22},"end":{"line":23,"column":81}},"11":{"start":{"line":24,"column":8},"end":{"line":25,"column":83}}},"fnMap":{"0":{"name":"(anonymous_0)","decl":{"start":{"line":7,"column":21},"end":{"line":7,"column":22}},"loc":{"start":{"line":7,"column":37},"end":{"line":21,"column":5}},"line":7},"1":{"name":"(anonymous_1)","decl":{"start":{"line":22,"column":18},"end":{"line":22,"column":19}},"loc":{"start":{"line":22,"column":32},"end":{"line":26,"column":5}},"line":22}},"branchMap":{"0":{"loc":{"start":{"line":9,"column":8},"end":{"line":11,"column":9}},"type":"if","locations":[{"start":{"line":9,"column":8},"end":{"line":11,"column":9}},{"start":{"line":9,"column":8},"end":{"line":11,"column":9}}],"line":9}},"s":{"0":1,"1":1,"2":1,"3":1,"4":1,"5":0,"6":0,"7":0,"8":0,"9":0,"10":0,"11":0},"f":{"0":0,"1":0},"b":{"0":[0,0]},"_coverageSchema":"1a1c01bbd47fc00a2c39e90264f33305004495a9","hash":"a6109d57b1e01350a987d7aca0806f68d8d45426","contentHash":"505e3e069533a8de3855e6dd0b282b3115c6d2f10df4ec5aac89d4083afc089c"}}